<?xml version="1.0" encoding="utf-8"?><testsuites name="pytest tests"><testsuite name="pytest" errors="0" failures="0" skipped="0" tests="18" time="6.977" timestamp="2026-02-18T14:31:38.022017+00:00" hostname="agent-env-001cea96-84e0-40d6-bc09-0d5861f74018"><testcase classname="backend.tests.test_mlm_vanguard.TestHealth" name="test_health_endpoint" time="0.271" /><testcase classname="backend.tests.test_mlm_vanguard.TestAuthentication" name="test_login_with_admin_credentials" time="0.413" /><testcase classname="backend.tests.test_mlm_vanguard.TestAuthentication" name="test_login_with_invalid_credentials" time="0.194" /><testcase classname="backend.tests.test_mlm_vanguard.TestAuthentication" name="test_auth_me_requires_token" time="0.151" /><testcase classname="backend.tests.test_mlm_vanguard.TestAdminDashboard" name="test_dashboard_admin_endpoint" time="0.514" /><testcase classname="backend.tests.test_mlm_vanguard.TestAdminDashboard" name="test_dashboard_admin_requires_auth" time="0.127" /><testcase classname="backend.tests.test_mlm_vanguard.TestOrders" name="test_list_orders" time="0.570" /><testcase classname="backend.tests.test_mlm_vanguard.TestOrders" name="test_list_orders_with_status_filter" time="0.494" /><testcase classname="backend.tests.test_mlm_vanguard.TestOrders" name="test_orders_requires_auth" time="0.113" /><testcase classname="backend.tests.test_mlm_vanguard.TestWithdrawals" name="test_list_withdrawals" time="0.591" /><testcase classname="backend.tests.test_mlm_vanguard.TestWithdrawals" name="test_list_withdrawals_with_status_filter" time="0.645" /><testcase classname="backend.tests.test_mlm_vanguard.TestWithdrawals" name="test_withdrawals_requires_auth" time="0.120" /><testcase classname="backend.tests.test_mlm_vanguard.TestProducts" name="test_list_products_public" time="0.135" /><testcase classname="backend.tests.test_mlm_vanguard.TestProducts" name="test_list_categories" time="0.186" /><testcase classname="backend.tests.test_mlm_vanguard.TestLogs" name="test_list_logs" time="0.606" /><testcase classname="backend.tests.test_mlm_vanguard.TestLogs" name="test_logs_requires_admin" time="0.151" /><testcase classname="backend.tests.test_mlm_vanguard.TestWallet" name="test_get_wallet" time="0.554" /><testcase classname="backend.tests.test_mlm_vanguard.TestCreateOrderFlow" name="test_create_product_then_order" time="1.013" /></testsuite></testsuites>