<?xml version="1.0" encoding="utf-8"?><testsuites name="pytest tests"><testsuite name="pytest" errors="0" failures="0" skipped="0" tests="19" time="9.399" timestamp="2026-02-18T16:24:17.474670+00:00" hostname="agent-env-13b84dd3-367c-44df-9cf6-8190ad426cfb"><testcase classname="backend.tests.test_invite_network.TestResellerSetup" name="test_create_reseller_if_not_exists" time="0.903" /><testcase classname="backend.tests.test_invite_network.TestInvitesAPI" name="test_send_invite_as_reseller" time="0.720" /><testcase classname="backend.tests.test_invite_network.TestInvitesAPI" name="test_send_invite_duplicate_email_fails" time="0.687" /><testcase classname="backend.tests.test_invite_network.TestInvitesAPI" name="test_send_invite_to_existing_user_fails" time="0.540" /><testcase classname="backend.tests.test_invite_network.TestInvitesAPI" name="test_send_invite_requires_auth" time="0.124" /><testcase classname="backend.tests.test_invite_network.TestInvitesAPI" name="test_send_invite_as_admin_fails" time="0.510" /><testcase classname="backend.tests.test_invite_network.TestInvitesAPI" name="test_get_sent_invites" time="0.596" /><testcase classname="backend.tests.test_invite_network.TestInvitesAPI" name="test_get_sent_invites_requires_auth" time="0.140" /><testcase classname="backend.tests.test_invite_network.TestNetworkAPI" name="test_get_network_tree_as_reseller" time="0.514" /><testcase classname="backend.tests.test_invite_network.TestNetworkAPI" name="test_get_network_tree_as_admin" time="0.501" /><testcase classname="backend.tests.test_invite_network.TestNetworkAPI" name="test_get_network_tree_requires_auth" time="0.164" /><testcase classname="backend.tests.test_invite_network.TestNetworkAPI" name="test_get_network_stats_as_reseller" time="0.597" /><testcase classname="backend.tests.test_invite_network.TestNetworkAPI" name="test_get_network_stats_requires_auth" time="0.153" /><testcase classname="backend.tests.test_invite_network.TestAccessControl" name="test_create_client_user_and_check_network_access" time="1.423" /><testcase classname="backend.tests.test_invite_network.TestRegressionExistingEndpoints" name="test_health_check" time="0.112" /><testcase classname="backend.tests.test_invite_network.TestRegressionExistingEndpoints" name="test_dashboard_admin" time="0.462" /><testcase classname="backend.tests.test_invite_network.TestRegressionExistingEndpoints" name="test_users_list" time="0.496" /><testcase classname="backend.tests.test_invite_network.TestRegressionExistingEndpoints" name="test_products_list" time="0.146" /><testcase classname="backend.tests.test_invite_network.TestRegressionExistingEndpoints" name="test_commissions_endpoint" time="0.528" /></testsuite></testsuites>