<?xml version="1.0" encoding="utf-8"?><testsuites name="pytest tests"><testsuite name="pytest" errors="0" failures="0" skipped="0" tests="23" time="6.320" timestamp="2026-02-18T15:25:32.813866+00:00" hostname="agent-env-001cea96-84e0-40d6-bc09-0d5861f74018"><testcase classname="tests.test_users_crud.TestUsersModule" name="test_01_admin_login_works" time="0.510" /><testcase classname="tests.test_users_crud.TestUsersModule" name="test_02_list_users" time="0.144" /><testcase classname="tests.test_users_crud.TestUsersModule" name="test_03_create_user_via_register" time="0.345" /><testcase classname="tests.test_users_crud.TestUsersModule" name="test_04_get_single_user" time="0.141" /><testcase classname="tests.test_users_crud.TestUsersModule" name="test_05_update_user" time="0.321" /><testcase classname="tests.test_users_crud.TestUsersModule" name="test_06_update_user_status_to_suspended" time="0.114" /><testcase classname="tests.test_users_crud.TestUsersModule" name="test_07_update_user_status_to_active" time="0.139" /><testcase classname="tests.test_users_crud.TestUsersModule" name="test_08_update_user_access_level" time="0.129" /><testcase classname="tests.test_users_crud.TestUsersModule" name="test_09_update_user_balance" time="0.140" /><testcase classname="tests.test_users_crud.TestUsersModule" name="test_10_filter_users_by_status" time="0.116" /><testcase classname="tests.test_users_crud.TestUsersModule" name="test_11_filter_users_by_access_level" time="0.118" /><testcase classname="tests.test_users_crud.TestUsersModule" name="test_12_search_users" time="0.117" /><testcase classname="tests.test_users_crud.TestOrdersAPI" name="test_list_orders" time="0.506" /><testcase classname="tests.test_users_crud.TestWithdrawalsAPI" name="test_list_withdrawals" time="0.500" /><testcase classname="tests.test_users_crud.TestLogsAPI" name="test_list_logs" time="0.502" /><testcase classname="tests.test_users_crud.TestSettingsAPI" name="test_get_settings" time="0.543" /><testcase classname="tests.test_users_crud.TestSettingsAPI" name="test_update_settings" time="0.115" /><testcase classname="tests.test_users_crud.TestProductsAPI" name="test_01_list_products" time="0.465" /><testcase classname="tests.test_users_crud.TestProductsAPI" name="test_02_create_product" time="0.131" /><testcase classname="tests.test_users_crud.TestProductsAPI" name="test_03_get_product" time="0.155" /><testcase classname="tests.test_users_crud.TestProductsAPI" name="test_04_update_product" time="0.131" /><testcase classname="tests.test_users_crud.TestProductsAPI" name="test_05_delete_product" time="0.109" /><testcase classname="tests.test_users_crud.TestCleanup" name="test_cleanup_test_users" time="0.765" /></testsuite></testsuites>