<?xml version="1.0" encoding="utf-8"?><testsuites name="pytest tests"><testsuite name="pytest" errors="0" failures="0" skipped="0" tests="18" time="3.736" timestamp="2026-02-18T15:55:37.406655+00:00" hostname="agent-env-13b84dd3-367c-44df-9cf6-8190ad426cfb"><testcase classname="backend.tests.test_commissions_scheduler.TestHealthCheck" name="test_health_endpoint" time="0.343" /><testcase classname="backend.tests.test_commissions_scheduler.TestCommissionsAPI" name="test_get_commissions_list" time="0.581" /><testcase classname="backend.tests.test_commissions_scheduler.TestCommissionsAPI" name="test_get_commissions_with_filter" time="0.243" /><testcase classname="backend.tests.test_commissions_scheduler.TestCommissionsAPI" name="test_get_commissions_pagination" time="0.130" /><testcase classname="backend.tests.test_commissions_scheduler.TestCommissionsAPI" name="test_get_commissions_unauthorized" time="0.124" /><testcase classname="backend.tests.test_commissions_scheduler.TestCommissionsSummary" name="test_get_commissions_summary" time="0.146" /><testcase classname="backend.tests.test_commissions_scheduler.TestCommissionsSummary" name="test_commissions_summary_unauthorized" time="0.166" /><testcase classname="backend.tests.test_commissions_scheduler.TestSchedulerStatus" name="test_get_scheduler_status" time="0.454" /><testcase classname="backend.tests.test_commissions_scheduler.TestSchedulerStatus" name="test_scheduler_status_unauthorized" time="0.155" /><testcase classname="backend.tests.test_commissions_scheduler.TestSchedulerStatus" name="test_scheduler_status_unauthenticated" time="0.140" /><testcase classname="backend.tests.test_commissions_scheduler.TestManualJobExecution" name="test_run_release_commissions_job" time="0.182" /><testcase classname="backend.tests.test_commissions_scheduler.TestManualJobExecution" name="test_run_check_qualifications_job" time="0.115" /><testcase classname="backend.tests.test_commissions_scheduler.TestManualJobExecution" name="test_run_invalid_job" time="0.148" /><testcase classname="backend.tests.test_commissions_scheduler.TestManualJobExecution" name="test_run_job_unauthorized" time="0.127" /><testcase classname="backend.tests.test_commissions_scheduler.TestExistingEndpoints" name="test_dashboard_admin" time="0.128" /><testcase classname="backend.tests.test_commissions_scheduler.TestExistingEndpoints" name="test_users_list" time="0.136" /><testcase classname="backend.tests.test_commissions_scheduler.TestExistingEndpoints" name="test_orders_list" time="0.188" /><testcase classname="backend.tests.test_commissions_scheduler.TestExistingEndpoints" name="test_products_list" time="0.110" /></testsuite></testsuites>