<?xml version="1.0" encoding="utf-8"?><testsuites name="pytest tests"><testsuite name="pytest" errors="0" failures="4" skipped="0" tests="23" time="6.902" timestamp="2026-02-18T15:24:18.974376+00:00" hostname="agent-env-001cea96-84e0-40d6-bc09-0d5861f74018"><testcase classname="tests.test_users_crud.TestUsersModule" name="test_01_admin_login_works" time="0.505" /><testcase classname="tests.test_users_crud.TestUsersModule" name="test_02_list_users" time="0.138" /><testcase classname="tests.test_users_crud.TestUsersModule" name="test_03_create_user_via_register" time="0.473" /><testcase classname="tests.test_users_crud.TestUsersModule" name="test_04_get_single_user" time="0.143" /><testcase classname="tests.test_users_crud.TestUsersModule" name="test_05_update_user" time="0.135"><failure message="assert 0 == 100">tests/test_users_crud.py:126: in test_05_update_user
    assert data["points"] == 100
E   assert 0 == 100</failure></testcase><testcase classname="tests.test_users_crud.TestUsersModule" name="test_06_update_user_status_to_suspended" time="0.137"><failure message="AssertionError: assert 'active' == 'suspended'&#10;  &#10;  - suspended&#10;  + active">tests/test_users_crud.py:151: in test_06_update_user_status_to_suspended
    assert data["status"] == "suspended"
E   AssertionError: assert 'active' == 'suspended'
E     
E     - suspended
E     + active</failure></testcase><testcase classname="tests.test_users_crud.TestUsersModule" name="test_07_update_user_status_to_active" time="0.159" /><testcase classname="tests.test_users_crud.TestUsersModule" name="test_08_update_user_access_level" time="0.144"><failure message="assert 5 == 4">tests/test_users_crud.py:183: in test_08_update_user_access_level
    assert data["access_level"] == 4
E   assert 5 == 4</failure></testcase><testcase classname="tests.test_users_crud.TestUsersModule" name="test_09_update_user_balance" time="0.147"><failure message="assert 0 == 150.5">tests/test_users_crud.py:202: in test_09_update_user_balance
    assert data["available_balance"] == 150.50
E   assert 0 == 150.5</failure></testcase><testcase classname="tests.test_users_crud.TestUsersModule" name="test_10_filter_users_by_status" time="0.137" /><testcase classname="tests.test_users_crud.TestUsersModule" name="test_11_filter_users_by_access_level" time="0.181" /><testcase classname="tests.test_users_crud.TestUsersModule" name="test_12_search_users" time="0.146" /><testcase classname="tests.test_users_crud.TestOrdersAPI" name="test_list_orders" time="0.537" /><testcase classname="tests.test_users_crud.TestWithdrawalsAPI" name="test_list_withdrawals" time="0.545" /><testcase classname="tests.test_users_crud.TestLogsAPI" name="test_list_logs" time="0.510" /><testcase classname="tests.test_users_crud.TestSettingsAPI" name="test_get_settings" time="0.472" /><testcase classname="tests.test_users_crud.TestSettingsAPI" name="test_update_settings" time="0.137" /><testcase classname="tests.test_users_crud.TestProductsAPI" name="test_01_list_products" time="0.612" /><testcase classname="tests.test_users_crud.TestProductsAPI" name="test_02_create_product" time="0.279" /><testcase classname="tests.test_users_crud.TestProductsAPI" name="test_03_get_product" time="0.169" /><testcase classname="tests.test_users_crud.TestProductsAPI" name="test_04_update_product" time="0.156" /><testcase classname="tests.test_users_crud.TestProductsAPI" name="test_05_delete_product" time="0.131" /><testcase classname="tests.test_users_crud.TestCleanup" name="test_cleanup_test_users" time="0.704" /></testsuite></testsuites>