<?xml version="1.0" encoding="utf-8"?><testsuites name="pytest tests"><testsuite name="pytest" errors="0" failures="1" skipped="0" tests="33" time="4.193" timestamp="2026-02-18T14:45:30.762343+00:00" hostname="agent-env-001cea96-84e0-40d6-bc09-0d5861f74018"><testcase classname="backend.tests.test_new_features.TestRankingAPI" name="test_ranking_default_params" time="0.679" /><testcase classname="backend.tests.test_new_features.TestRankingAPI" name="test_ranking_by_sales" time="0.058" /><testcase classname="backend.tests.test_new_features.TestRankingAPI" name="test_ranking_by_commissions" time="0.066" /><testcase classname="backend.tests.test_new_features.TestRankingAPI" name="test_ranking_by_network" time="0.068" /><testcase classname="backend.tests.test_new_features.TestRankingAPI" name="test_ranking_by_points" time="0.071" /><testcase classname="backend.tests.test_new_features.TestRankingAPI" name="test_ranking_different_periods" time="0.320" /><testcase classname="backend.tests.test_new_features.TestRankingAPI" name="test_ranking_limit_param" time="0.065" /><testcase classname="backend.tests.test_new_features.TestRankingAPI" name="test_ranking_requires_auth" time="0.119" /><testcase classname="backend.tests.test_new_features.TestGoalsAPI" name="test_create_goal" time="0.068" /><testcase classname="backend.tests.test_new_features.TestGoalsAPI" name="test_list_goals" time="0.057" /><testcase classname="backend.tests.test_new_features.TestGoalsAPI" name="test_list_goals_with_progress" time="0.056" /><testcase classname="backend.tests.test_new_features.TestGoalsAPI" name="test_get_single_goal" time="0.131" /><testcase classname="backend.tests.test_new_features.TestGoalsAPI" name="test_update_goal" time="0.195" /><testcase classname="backend.tests.test_new_features.TestGoalsAPI" name="test_delete_goal" time="0.183" /><testcase classname="backend.tests.test_new_features.TestGoalsAPI" name="test_goals_requires_auth" time="0.106" /><testcase classname="backend.tests.test_new_features.TestGoalsAPI" name="test_create_goal_requires_admin" time="0.128" /><testcase classname="backend.tests.test_new_features.TestReferralLinksAPI" name="test_get_referral_link" time="0.070" /><testcase classname="backend.tests.test_new_features.TestReferralLinksAPI" name="test_referral_link_format" time="0.059" /><testcase classname="backend.tests.test_new_features.TestReferralLinksAPI" name="test_track_referral_click" time="0.207"><failure message="AssertionError: assert 'click_id' in {'referrer_name': 'Admin Técnico', 'tracked': True}">backend/tests/test_new_features.py:289: in test_track_referral_click
    assert "click_id" in data
E   AssertionError: assert 'click_id' in {'referrer_name': 'Admin Técnico', 'tracked': True}</failure></testcase><testcase classname="backend.tests.test_new_features.TestReferralLinksAPI" name="test_track_invalid_referral_code" time="0.118" /><testcase classname="backend.tests.test_new_features.TestReferralLinksAPI" name="test_get_referral_clicks" time="0.055" /><testcase classname="backend.tests.test_new_features.TestReferralLinksAPI" name="test_referral_link_requires_auth" time="0.102" /><testcase classname="backend.tests.test_new_features.TestExportAPI" name="test_export_sales_csv" time="0.057" /><testcase classname="backend.tests.test_new_features.TestExportAPI" name="test_export_sales_json" time="0.058" /><testcase classname="backend.tests.test_new_features.TestExportAPI" name="test_export_commissions_csv" time="0.067" /><testcase classname="backend.tests.test_new_features.TestExportAPI" name="test_export_commissions_json" time="0.055" /><testcase classname="backend.tests.test_new_features.TestExportAPI" name="test_export_users_csv" time="0.057" /><testcase classname="backend.tests.test_new_features.TestExportAPI" name="test_export_users_json" time="0.058" /><testcase classname="backend.tests.test_new_features.TestExportAPI" name="test_export_users_filter_access_level" time="0.061" /><testcase classname="backend.tests.test_new_features.TestExportAPI" name="test_export_requires_auth" time="0.365" /><testcase classname="backend.tests.test_new_features.TestDashboardWithNewFeatures" name="test_admin_dashboard" time="0.074" /><testcase classname="backend.tests.test_new_features.TestDashboardWithNewFeatures" name="test_reseller_dashboard" time="0.071" /><testcase classname="backend.tests.test_new_features.TestCleanup" name="test_cleanup_test_goals" time="0.133" /></testsuite></testsuites>